<?xml version="1.0" encoding="UTF-8"?>
<!-- Generated by org.testng.reporters.JUnitReportReporter -->
<testsuite hostname="ThinkPadUser-PC" name="org.cn.zszhang.utils.excel4j.poiAdapter.ExcelBookFactoryPoiImplTest" tests="1" failures="0" timestamp="14 Apr 2015 09:25:09 GMT" time="1.515" errors="0">
  <testcase name="create" time="1.515" classname="org.cn.zszhang.utils.excel4j.poiAdapter.ExcelBookFactoryPoiImplTest"/>
</testsuite> <!-- org.cn.zszhang.utils.excel4j.poiAdapter.ExcelBookFactoryPoiImplTest -->
